<?xml version="1.0" encoding="UTF-8"?>
<testng-results skipped="0" failed="0" total="1" passed="1">
  <reporter-output>
  </reporter-output>
  <suite name="Suite1" duration-ms="30132" started-at="2018-02-16T11:19:49Z" finished-at="2018-02-16T11:20:19Z">
    <groups>
    </groups>
    <test name="TC003_DevOpsSeleniumTest" duration-ms="30132" started-at="2018-02-16T11:19:49Z" finished-at="2018-02-16T11:20:19Z">
      <class name="org.selenium.TestCases.TC003_DevOpsSeleniumTest">
        <test-method status="PASS" signature="initiateDriverInstance()[pri:0, instance:org.selenium.TestCases.TC003_DevOpsSeleniumTest@5c7fa833]" name="initiateDriverInstance" is-config="true" duration-ms="29445" started-at="2018-02-16T16:49:49Z" finished-at="2018-02-16T16:50:18Z">
          <reporter-output>
          </reporter-output>
        </test-method> <!-- initiateDriverInstance -->
        <test-method status="PASS" signature="tc003_SeleniumTest()[pri:0, instance:org.selenium.TestCases.TC003_DevOpsSeleniumTest@5c7fa833]" name="tc003_SeleniumTest" duration-ms="666" started-at="2018-02-16T16:50:18Z" finished-at="2018-02-16T16:50:19Z">
          <reporter-output>
          </reporter-output>
        </test-method> <!-- tc003_SeleniumTest -->
      </class> <!-- org.selenium.TestCases.TC003_DevOpsSeleniumTest -->
    </test> <!-- TC003_DevOpsSeleniumTest -->
  </suite> <!-- Suite1 -->
</testng-results>
