<?xml version="1.0" encoding="UTF-8"?>
<testng-results skipped="0" failed="0" total="1" passed="1">
  <reporter-output>
  </reporter-output>
  <suite name="Suite1" duration-ms="38535" started-at="2018-02-16T09:22:23Z" finished-at="2018-02-16T09:23:01Z">
    <groups>
    </groups>
    <test name="TC003_DevOpsSeleniumTest" duration-ms="38535" started-at="2018-02-16T09:22:23Z" finished-at="2018-02-16T09:23:01Z">
      <class name="org.selenium.TestCases.TC003_DevOpsSeleniumTest">
        <test-method status="PASS" signature="initiateDriverInstance()[pri:0, instance:org.selenium.TestCases.TC003_DevOpsSeleniumTest@5c7fa833]" name="initiateDriverInstance" is-config="true" duration-ms="37368" started-at="2018-02-16T14:52:23Z" finished-at="2018-02-16T14:53:00Z">
          <reporter-output>
          </reporter-output>
        </test-method> <!-- initiateDriverInstance -->
        <test-method status="PASS" signature="tc003_SeleniumTest()[pri:0, instance:org.selenium.TestCases.TC003_DevOpsSeleniumTest@5c7fa833]" name="tc003_SeleniumTest" duration-ms="1142" started-at="2018-02-16T14:53:00Z" finished-at="2018-02-16T14:53:01Z">
          <reporter-output>
          </reporter-output>
        </test-method> <!-- tc003_SeleniumTest -->
      </class> <!-- org.selenium.TestCases.TC003_DevOpsSeleniumTest -->
    </test> <!-- TC003_DevOpsSeleniumTest -->
  </suite> <!-- Suite1 -->
</testng-results>
